2015/10/12 11:09:50 [error] [php] include(validasiNama.php): failed to open stream: No such file or directory (/var/www/html/yii/framework/YiiBase.php:432)
Stack trace:
#0 unknown(0): spl_autoload_call()
#1 /var/www/html/yii/framework/YiiBase.php(303): class_exists()
#2 /var/www/html/yii/framework/validators/CValidator.php(174): import()
#3 /var/www/html/yii/framework/base/CModel.php(287): createValidator()
#4 /var/www/html/yii/framework/base/CModel.php(260): Barang->createValidators()
#5 /var/www/html/yii/framework/base/CModel.php(547): Barang->getValidators()
#6 /var/www/html/yii/framework/web/widgets/CActiveForm.php(567): Barang->getSafeAttributeNames()
#7 /var/www/html/pertemuan5/protected/views/barang/_form.php(18): CActiveForm->errorSummary()
#8 /var/www/html/yii/framework/web/CBaseController.php(126): require()
#9 /var/www/html/yii/framework/web/CBaseController.php(95): BarangController->renderInternal()
#10 /var/www/html/yii/framework/web/CController.php(869): BarangController->renderFile()
#11 /var/www/html/pertemuan5/protected/views/barang/create.php(18): BarangController->renderPartial()
#12 /var/www/html/yii/framework/web/CBaseController.php(126): require()
#13 /var/www/html/yii/framework/web/CBaseController.php(95): BarangController->renderInternal()
#14 /var/www/html/yii/framework/web/CController.php(869): BarangController->renderFile()
#15 /var/www/html/yii/framework/web/CController.php(782): BarangController->renderPartial()
#16 /var/www/html/pertemuan5/protected/controllers/BarangController.php(79): BarangController->render()
#17 /var/www/html/yii/framework/web/actions/CInlineAction.php(49): BarangController->actionCreate()
#18 /var/www/html/yii/framework/web/CController.php(308): CInlineAction->runWithParams()
#19 /var/www/html/yii/framework/web/filters/CFilterChain.php(133): BarangController->runAction()
#20 /var/www/html/yii/framework/web/filters/CFilter.php(40): CFilterChain->run()
#21 /var/www/html/yii/framework/web/CController.php(1145): CAccessControlFilter->filter()
#22 /var/www/html/yii/framework/web/filters/CInlineFilter.php(58): BarangController->filterAccessControl()
#23 /var/www/html/yii/framework/web/filters/CFilterChain.php(130): CInlineFilter->filter()
#24 /var/www/html/yii/framework/web/CController.php(291): CFilterChain->run()
#25 /var/www/html/yii/framework/web/CController.php(265): BarangController->runActionWithFilters()
#26 /var/www/html/yii/framework/web/CWebApplication.php(282): BarangController->run()
#27 /var/www/html/yii/framework/web/CWebApplication.php(141): CWebApplication->runController()
#28 /var/www/html/yii/framework/base/CApplication.php(184): CWebApplication->processRequest()
#29 /var/www/html/pertemuan5/index.php(13): CWebApplication->run()
REQUEST_URI=/pertemuan5/index.php?r=barang/create
in /var/www/html/pertemuan5/protected/views/barang/_form.php (18)
in /var/www/html/pertemuan5/protected/views/barang/create.php (18)
in /var/www/html/pertemuan5/protected/controllers/BarangController.php (79)
2015/10/12 11:14:26 [error] [exception.CException] exception 'CException' with message 'Property "User.password_repeat" is not defined.' in /var/www/html/yii/framework/base/CComponent.php:130
Stack trace:
#0 /var/www/html/yii/framework/db/ar/CActiveRecord.php(145): CComponent->__get('password_repeat')
#1 /var/www/html/yii/framework/web/helpers/CHtml.php(2728): CActiveRecord->__get('password_repeat')
#2 /var/www/html/yii/framework/web/helpers/CHtml.php(2451): CHtml::resolveValue(Object(User), 'password_repeat')
#3 /var/www/html/yii/framework/web/helpers/CHtml.php(1807): CHtml::activeInputField('password', Object(User), 'password_repeat', Array)
#4 /var/www/html/yii/framework/web/widgets/CActiveForm.php(838): CHtml::activePasswordField(Object(User), 'password_repeat', Array)
#5 /var/www/html/pertemuan5/protected/views/user/_form.php(42): CActiveForm->passwordField(Object(User), 'password_repeat', Array)
#6 /var/www/html/yii/framework/web/CBaseController.php(126): require('/var/www/html/p...')
#7 /var/www/html/yii/framework/web/CBaseController.php(95): CBaseController->renderInternal('/var/www/html/p...', Array, true)
#8 /var/www/html/yii/framework/web/CController.php(869): CBaseController->renderFile('/var/www/html/p...', Array, true)
#9 /var/www/html/pertemuan5/protected/views/user/create.php(18): CController->renderPartial('_form', Array)
#10 /var/www/html/yii/framework/web/CBaseController.php(126): require('/var/www/html/p...')
#11 /var/www/html/yii/framework/web/CBaseController.php(95): CBaseController->renderInternal('/var/www/html/p...', Array, true)
#12 /var/www/html/yii/framework/web/CController.php(869): CBaseController->renderFile('/var/www/html/p...', Array, true)
#13 /var/www/html/yii/framework/web/CController.php(782): CController->renderPartial('create', Array, true)
#14 /var/www/html/pertemuan5/protected/controllers/UserController.php(79): CController->render('create', Array)
#15 /var/www/html/yii/framework/web/actions/CInlineAction.php(49): UserController->actionCreate()
#16 /var/www/html/yii/framework/web/CController.php(308): CInlineAction->runWithParams(Array)
#17 /var/www/html/yii/framework/web/filters/CFilterChain.php(133): CController->runAction(Object(CInlineAction))
#18 /var/www/html/yii/framework/web/filters/CFilter.php(40): CFilterChain->run()
#19 /var/www/html/yii/framework/web/CController.php(1145): CFilter->filter(Object(CFilterChain))
#20 /var/www/html/yii/framework/web/filters/CInlineFilter.php(58): CController->filterAccessControl(Object(CFilterChain))
#21 /var/www/html/yii/framework/web/filters/CFilterChain.php(130): CInlineFilter->filter(Object(CFilterChain))
#22 /var/www/html/yii/framework/web/CController.php(291): CFilterChain->run()
#23 /var/www/html/yii/framework/web/CController.php(265): CController->runActionWithFilters(Object(CInlineAction), Array)
#24 /var/www/html/yii/framework/web/CWebApplication.php(282): CController->run('create')
#25 /var/www/html/yii/framework/web/CWebApplication.php(141): CWebApplication->runController('user/create')
#26 /var/www/html/yii/framework/base/CApplication.php(184): CWebApplication->processRequest()
#27 /var/www/html/pertemuan5/index.php(13): CApplication->run()
#28 {main}
REQUEST_URI=/pertemuan5/index.php?r=user/create
HTTP_REFERER=http://localhost/pertemuan5/index.php?r=user
---
2015/10/12 11:27:41 [error] [exception.CException] exception 'CException' with message 'PenjualanController cannot find the requested view "_formTransaksi".' in /var/www/html/yii/framework/web/CController.php:878
Stack trace:
#0 /var/www/html/pertemuan5/protected/views/penjualan/create.php(18): CController->renderPartial('_formTransaksi', Array)
#1 /var/www/html/yii/framework/web/CBaseController.php(126): require('/var/www/html/p...')
#2 /var/www/html/yii/framework/web/CBaseController.php(95): CBaseController->renderInternal('/var/www/html/p...', Array, true)
#3 /var/www/html/yii/framework/web/CController.php(869): CBaseController->renderFile('/var/www/html/p...', Array, true)
#4 /var/www/html/yii/framework/web/CController.php(782): CController->renderPartial('create', Array, true)
#5 /var/www/html/pertemuan5/protected/controllers/PenjualanController.php(85): CController->render('create', Array)
#6 /var/www/html/yii/framework/web/actions/CInlineAction.php(49): PenjualanController->actionCreate()
#7 /var/www/html/yii/framework/web/CController.php(308): CInlineAction->runWithParams(Array)
#8 /var/www/html/yii/framework/web/filters/CFilterChain.php(133): CController->runAction(Object(CInlineAction))
#9 /var/www/html/yii/framework/web/filters/CFilter.php(40): CFilterChain->run()
#10 /var/www/html/yii/framework/web/CController.php(1145): CFilter->filter(Object(CFilterChain))
#11 /var/www/html/yii/framework/web/filters/CInlineFilter.php(58): CController->filterAccessControl(Object(CFilterChain))
#12 /var/www/html/yii/framework/web/filters/CFilterChain.php(130): CInlineFilter->filter(Object(CFilterChain))
#13 /var/www/html/yii/framework/web/CController.php(291): CFilterChain->run()
#14 /var/www/html/yii/framework/web/CController.php(265): CController->runActionWithFilters(Object(CInlineAction), Array)
#15 /var/www/html/yii/framework/web/CWebApplication.php(282): CController->run('create')
#16 /var/www/html/yii/framework/web/CWebApplication.php(141): CWebApplication->runController('penjualan/creat...')
#17 /var/www/html/yii/framework/base/CApplication.php(184): CWebApplication->processRequest()
#18 /var/www/html/pertemuan5/index.php(13): CApplication->run()
#19 {main}
REQUEST_URI=/pertemuan5/index.php?r=penjualan/create&nota=36
HTTP_REFERER=http://localhost/pertemuan5/index.php?r=penjualan/formKasir
---
2015/11/23 21:15:55 [error] [exception.CException] exception 'CException' with message 'Property "Penjualan.qty" is not defined.' in /var/www/html/yii/framework/base/CComponent.php:130
Stack trace:
#0 /var/www/html/yii/framework/db/ar/CActiveRecord.php(145): CComponent->__get('qty')
#1 /var/www/html/pertemuan5/protected/views/penjualan/_view.php(25): CActiveRecord->__get('qty')
#2 /var/www/html/yii/framework/web/CBaseController.php(130): require('/var/www/html/p...')
#3 /var/www/html/yii/framework/web/CBaseController.php(95): CBaseController->renderInternal('/var/www/html/p...', Array, false)
#4 /var/www/html/yii/framework/zii/widgets/CListView.php(291): CBaseController->renderFile('/var/www/html/p...', Array)
#5 /var/www/html/yii/framework/zii/widgets/CBaseListView.php(181): CListView->renderItems()
#6 [internal function]: CBaseListView->renderSection(Array)
#7 /var/www/html/yii/framework/zii/widgets/CBaseListView.php(164): preg_replace_callback('/{(\w+)}/', Array, '{summary}?{sort...')
#8 /var/www/html/yii/framework/zii/widgets/CBaseListView.php(149): CBaseListView->renderContent()
#9 /var/www/html/yii/framework/web/CBaseController.php(181): CBaseListView->run()
#10 /var/www/html/pertemuan5/protected/views/penjualan/index.php(20): CBaseController->widget('zii.widgets.CLi...', Array)
#11 /var/www/html/yii/framework/web/CBaseController.php(126): require('/var/www/html/p...')
#12 /var/www/html/yii/framework/web/CBaseController.php(95): CBaseController->renderInternal('/var/www/html/p...', Array, true)
#13 /var/www/html/yii/framework/web/CController.php(869): CBaseController->renderFile('/var/www/html/p...', Array, true)
#14 /var/www/html/yii/framework/web/CController.php(782): CController->renderPartial('index', Array, true)
#15 /var/www/html/pertemuan5/protected/controllers/PenjualanController.php(151): CController->render('index', Array)
#16 /var/www/html/yii/framework/web/actions/CInlineAction.php(49): PenjualanController->actionIndex()
#17 /var/www/html/yii/framework/web/CController.php(308): CInlineAction->runWithParams(Array)
#18 /var/www/html/yii/framework/web/filters/CFilterChain.php(133): CController->runAction(Object(CInlineAction))
#19 /var/www/html/yii/framework/web/filters/CFilter.php(40): CFilterChain->run()
#20 /var/www/html/yii/framework/web/CController.php(1145): CFilter->filter(Object(CFilterChain))
#21 /var/www/html/yii/framework/web/filters/CInlineFilter.php(58): CController->filterAccessControl(Object(CFilterChain))
#22 /var/www/html/yii/framework/web/filters/CFilterChain.php(130): CInlineFilter->filter(Object(CFilterChain))
#23 /var/www/html/yii/framework/web/CController.php(291): CFilterChain->run()
#24 /var/www/html/yii/framework/web/CController.php(265): CController->runActionWithFilters(Object(CInlineAction), Array)
#25 /var/www/html/yii/framework/web/CWebApplication.php(282): CController->run('')
#26 /var/www/html/yii/framework/web/CWebApplication.php(141): CWebApplication->runController('penjualan')
#27 /var/www/html/yii/framework/base/CApplication.php(184): CWebApplication->processRequest()
#28 /var/www/html/pertemuan5/index.php(13): CApplication->run()
#29 {main}
REQUEST_URI=/pertemuan5/index.php?r=penjualan
---
2015/11/23 21:17:53 [error] [exception.CException] exception 'CException' with message 'Property "Barang.jenis_barang" is not defined.' in /var/www/html/yii/framework/base/CComponent.php:130
Stack trace:
#0 /var/www/html/yii/framework/db/ar/CActiveRecord.php(145): CComponent->__get('jenis_barang')
#1 /var/www/html/pertemuan5/protected/views/barang/_view.php(13): CActiveRecord->__get('jenis_barang')
#2 /var/www/html/yii/framework/web/CBaseController.php(130): require('/var/www/html/p...')
#3 /var/www/html/yii/framework/web/CBaseController.php(95): CBaseController->renderInternal('/var/www/html/p...', Array, false)
#4 /var/www/html/yii/framework/zii/widgets/CListView.php(291): CBaseController->renderFile('/var/www/html/p...', Array)
#5 /var/www/html/yii/framework/zii/widgets/CBaseListView.php(181): CListView->renderItems()
#6 [internal function]: CBaseListView->renderSection(Array)
#7 /var/www/html/yii/framework/zii/widgets/CBaseListView.php(164): preg_replace_callback('/{(\w+)}/', Array, '{summary}?{sort...')
#8 /var/www/html/yii/framework/zii/widgets/CBaseListView.php(149): CBaseListView->renderContent()
#9 /var/www/html/yii/framework/web/CBaseController.php(181): CBaseListView->run()
#10 /var/www/html/pertemuan5/protected/views/barang/index.php(20): CBaseController->widget('zii.widgets.CLi...', Array)
#11 /var/www/html/yii/framework/web/CBaseController.php(126): require('/var/www/html/p...')
#12 /var/www/html/yii/framework/web/CBaseController.php(95): CBaseController->renderInternal('/var/www/html/p...', Array, true)
#13 /var/www/html/yii/framework/web/CController.php(869): CBaseController->renderFile('/var/www/html/p...', Array, true)
#14 /var/www/html/yii/framework/web/CController.php(782): CController->renderPartial('index', Array, true)
#15 /var/www/html/pertemuan5/protected/controllers/BarangController.php(128): CController->render('index', Array)
#16 /var/www/html/yii/framework/web/actions/CInlineAction.php(49): BarangController->actionIndex()
#17 /var/www/html/yii/framework/web/CController.php(308): CInlineAction->runWithParams(Array)
#18 /var/www/html/yii/framework/web/filters/CFilterChain.php(133): CController->runAction(Object(CInlineAction))
#19 /var/www/html/yii/framework/web/filters/CFilter.php(40): CFilterChain->run()
#20 /var/www/html/yii/framework/web/CController.php(1145): CFilter->filter(Object(CFilterChain))
#21 /var/www/html/yii/framework/web/filters/CInlineFilter.php(58): CController->filterAccessControl(Object(CFilterChain))
#22 /var/www/html/yii/framework/web/filters/CFilterChain.php(130): CInlineFilter->filter(Object(CFilterChain))
#23 /var/www/html/yii/framework/web/CController.php(291): CFilterChain->run()
#24 /var/www/html/yii/framework/web/CController.php(265): CController->runActionWithFilters(Object(CInlineAction), Array)
#25 /var/www/html/yii/framework/web/CWebApplication.php(282): CController->run('')
#26 /var/www/html/yii/framework/web/CWebApplication.php(141): CWebApplication->runController('barang')
#27 /var/www/html/yii/framework/base/CApplication.php(184): CWebApplication->processRequest()
#28 /var/www/html/pertemuan5/index.php(13): CApplication->run()
#29 {main}
REQUEST_URI=/pertemuan5/index.php?r=barang
---
2015/11/23 21:21:03 [error] [exception.CException] exception 'CException' with message 'Property "Penjualan.qty" is not defined.' in /var/www/html/yii/framework/base/CComponent.php:130
Stack trace:
#0 /var/www/html/yii/framework/db/ar/CActiveRecord.php(145): CComponent->__get('qty')
#1 /var/www/html/pertemuan5/protected/views/penjualan/_view.php(25): CActiveRecord->__get('qty')
#2 /var/www/html/yii/framework/web/CBaseController.php(130): require('/var/www/html/p...')
#3 /var/www/html/yii/framework/web/CBaseController.php(95): CBaseController->renderInternal('/var/www/html/p...', Array, false)
#4 /var/www/html/yii/framework/zii/widgets/CListView.php(291): CBaseController->renderFile('/var/www/html/p...', Array)
#5 /var/www/html/yii/framework/zii/widgets/CBaseListView.php(181): CListView->renderItems()
#6 [internal function]: CBaseListView->renderSection(Array)
#7 /var/www/html/yii/framework/zii/widgets/CBaseListView.php(164): preg_replace_callback('/{(\w+)}/', Array, '{summary}?{sort...')
#8 /var/www/html/yii/framework/zii/widgets/CBaseListView.php(149): CBaseListView->renderContent()
#9 /var/www/html/yii/framework/web/CBaseController.php(181): CBaseListView->run()
#10 /var/www/html/pertemuan5/protected/views/penjualan/index.php(20): CBaseController->widget('zii.widgets.CLi...', Array)
#11 /var/www/html/yii/framework/web/CBaseController.php(126): require('/var/www/html/p...')
#12 /var/www/html/yii/framework/web/CBaseController.php(95): CBaseController->renderInternal('/var/www/html/p...', Array, true)
#13 /var/www/html/yii/framework/web/CController.php(869): CBaseController->renderFile('/var/www/html/p...', Array, true)
#14 /var/www/html/yii/framework/web/CController.php(782): CController->renderPartial('index', Array, true)
#15 /var/www/html/pertemuan5/protected/controllers/PenjualanController.php(151): CController->render('index', Array)
#16 /var/www/html/yii/framework/web/actions/CInlineAction.php(49): PenjualanController->actionIndex()
#17 /var/www/html/yii/framework/web/CController.php(308): CInlineAction->runWithParams(Array)
#18 /var/www/html/yii/framework/web/filters/CFilterChain.php(133): CController->runAction(Object(CInlineAction))
#19 /var/www/html/yii/framework/web/filters/CFilter.php(40): CFilterChain->run()
#20 /var/www/html/yii/framework/web/CController.php(1145): CFilter->filter(Object(CFilterChain))
#21 /var/www/html/yii/framework/web/filters/CInlineFilter.php(58): CController->filterAccessControl(Object(CFilterChain))
#22 /var/www/html/yii/framework/web/filters/CFilterChain.php(130): CInlineFilter->filter(Object(CFilterChain))
#23 /var/www/html/yii/framework/web/CController.php(291): CFilterChain->run()
#24 /var/www/html/yii/framework/web/CController.php(265): CController->runActionWithFilters(Object(CInlineAction), Array)
#25 /var/www/html/yii/framework/web/CWebApplication.php(282): CController->run('')
#26 /var/www/html/yii/framework/web/CWebApplication.php(141): CWebApplication->runController('Penjualan')
#27 /var/www/html/yii/framework/base/CApplication.php(184): CWebApplication->processRequest()
#28 /var/www/html/pertemuan5/index.php(13): CApplication->run()
#29 {main}
REQUEST_URI=/pertemuan5/index.php?r=Penjualan
---
2015/11/23 21:26:20 [error] [exception.CException] exception 'CException' with message 'PenjualanController cannot find the requested view "_formTransaksi".' in /var/www/html/yii/framework/web/CController.php:878
Stack trace:
#0 /var/www/html/pertemuan5/protected/views/penjualan/create.php(18): CController->renderPartial('_formTransaksi', Array)
#1 /var/www/html/yii/framework/web/CBaseController.php(126): require('/var/www/html/p...')
#2 /var/www/html/yii/framework/web/CBaseController.php(95): CBaseController->renderInternal('/var/www/html/p...', Array, true)
#3 /var/www/html/yii/framework/web/CController.php(869): CBaseController->renderFile('/var/www/html/p...', Array, true)
#4 /var/www/html/yii/framework/web/CController.php(782): CController->renderPartial('create', Array, true)
#5 /var/www/html/pertemuan5/protected/controllers/PenjualanController.php(103): CController->render('create', Array)
#6 /var/www/html/yii/framework/web/actions/CInlineAction.php(49): PenjualanController->actionCreate()
#7 /var/www/html/yii/framework/web/CController.php(308): CInlineAction->runWithParams(Array)
#8 /var/www/html/yii/framework/web/filters/CFilterChain.php(133): CController->runAction(Object(CInlineAction))
#9 /var/www/html/yii/framework/web/filters/CFilter.php(40): CFilterChain->run()
#10 /var/www/html/yii/framework/web/CController.php(1145): CFilter->filter(Object(CFilterChain))
#11 /var/www/html/yii/framework/web/filters/CInlineFilter.php(58): CController->filterAccessControl(Object(CFilterChain))
#12 /var/www/html/yii/framework/web/filters/CFilterChain.php(130): CInlineFilter->filter(Object(CFilterChain))
#13 /var/www/html/yii/framework/web/CController.php(291): CFilterChain->run()
#14 /var/www/html/yii/framework/web/CController.php(265): CController->runActionWithFilters(Object(CInlineAction), Array)
#15 /var/www/html/yii/framework/web/CWebApplication.php(282): CController->run('create')
#16 /var/www/html/yii/framework/web/CWebApplication.php(141): CWebApplication->runController('penjualan/creat...')
#17 /var/www/html/yii/framework/base/CApplication.php(184): CWebApplication->processRequest()
#18 /var/www/html/pertemuan5/index.php(13): CApplication->run()
#19 {main}
REQUEST_URI=/pertemuan5/index.php?r=penjualan/create&nota=2
HTTP_REFERER=http://localhost/pertemuan5/index.php?r=Penjualan/formKasir
---
2015/11/23 21:27:06 [error] [php] require(/var/www/html/pertemuan5/protected/views/penjualan/_formTransaksi.php): failed to open stream: Permission denied (/var/www/html/yii/framework/web/CBaseController.php:126)
Stack trace:
#0 /var/www/html/yii/framework/web/CController.php(869): PenjualanController->renderFile()
#1 /var/www/html/pertemuan5/protected/views/penjualan/create.php(18): PenjualanController->renderPartial()
#2 /var/www/html/yii/framework/web/CBaseController.php(126): require()
#3 /var/www/html/yii/framework/web/CBaseController.php(95): PenjualanController->renderInternal()
#4 /var/www/html/yii/framework/web/CController.php(869): PenjualanController->renderFile()
#5 /var/www/html/yii/framework/web/CController.php(782): PenjualanController->renderPartial()
#6 /var/www/html/pertemuan5/protected/controllers/PenjualanController.php(103): PenjualanController->render()
#7 /var/www/html/yii/framework/web/actions/CInlineAction.php(49): PenjualanController->actionCreate()
#8 /var/www/html/yii/framework/web/CController.php(308): CInlineAction->runWithParams()
#9 /var/www/html/yii/framework/web/filters/CFilterChain.php(133): PenjualanController->runAction()
#10 /var/www/html/yii/framework/web/filters/CFilter.php(40): CFilterChain->run()
#11 /var/www/html/yii/framework/web/CController.php(1145): CAccessControlFilter->filter()
#12 /var/www/html/yii/framework/web/filters/CInlineFilter.php(58): PenjualanController->filterAccessControl()
#13 /var/www/html/yii/framework/web/filters/CFilterChain.php(130): CInlineFilter->filter()
#14 /var/www/html/yii/framework/web/CController.php(291): CFilterChain->run()
#15 /var/www/html/yii/framework/web/CController.php(265): PenjualanController->runActionWithFilters()
#16 /var/www/html/yii/framework/web/CWebApplication.php(282): PenjualanController->run()
#17 /var/www/html/yii/framework/web/CWebApplication.php(141): CWebApplication->runController()
#18 /var/www/html/yii/framework/base/CApplication.php(184): CWebApplication->processRequest()
#19 /var/www/html/pertemuan5/index.php(13): CWebApplication->run()
REQUEST_URI=/pertemuan5/index.php?r=penjualan/create&nota=2
in /var/www/html/pertemuan5/protected/views/penjualan/create.php (18)
in /var/www/html/pertemuan5/protected/controllers/PenjualanController.php (103)
in /var/www/html/pertemuan5/index.php (13)
2015/11/23 21:27:41 [error] [exception.CException] exception 'CException' with message 'Property "Penjualan.nota" is not defined.' in /var/www/html/yii/framework/base/CComponent.php:173
Stack trace:
#0 /var/www/html/yii/framework/db/ar/CActiveRecord.php(161): CComponent->__set('nota', '2')
#1 /var/www/html/pertemuan5/protected/views/penjualan/_formTransaksi.php(10): CActiveRecord->__set('nota', '2')
#2 /var/www/html/yii/framework/web/CBaseController.php(126): require('/var/www/html/p...')
#3 /var/www/html/yii/framework/web/CBaseController.php(95): CBaseController->renderInternal('/var/www/html/p...', Array, true)
#4 /var/www/html/yii/framework/web/CController.php(869): CBaseController->renderFile('/var/www/html/p...', Array, true)
#5 /var/www/html/pertemuan5/protected/views/penjualan/create.php(18): CController->renderPartial('_formTransaksi', Array)
#6 /var/www/html/yii/framework/web/CBaseController.php(126): require('/var/www/html/p...')
#7 /var/www/html/yii/framework/web/CBaseController.php(95): CBaseController->renderInternal('/var/www/html/p...', Array, true)
#8 /var/www/html/yii/framework/web/CController.php(869): CBaseController->renderFile('/var/www/html/p...', Array, true)
#9 /var/www/html/yii/framework/web/CController.php(782): CController->renderPartial('create', Array, true)
#10 /var/www/html/pertemuan5/protected/controllers/PenjualanController.php(103): CController->render('create', Array)
#11 /var/www/html/yii/framework/web/actions/CInlineAction.php(49): PenjualanController->actionCreate()
#12 /var/www/html/yii/framework/web/CController.php(308): CInlineAction->runWithParams(Array)
#13 /var/www/html/yii/framework/web/filters/CFilterChain.php(133): CController->runAction(Object(CInlineAction))
#14 /var/www/html/yii/framework/web/filters/CFilter.php(40): CFilterChain->run()
#15 /var/www/html/yii/framework/web/CController.php(1145): CFilter->filter(Object(CFilterChain))
#16 /var/www/html/yii/framework/web/filters/CInlineFilter.php(58): CController->filterAccessControl(Object(CFilterChain))
#17 /var/www/html/yii/framework/web/filters/CFilterChain.php(130): CInlineFilter->filter(Object(CFilterChain))
#18 /var/www/html/yii/framework/web/CController.php(291): CFilterChain->run()
#19 /var/www/html/yii/framework/web/CController.php(265): CController->runActionWithFilters(Object(CInlineAction), Array)
#20 /var/www/html/yii/framework/web/CWebApplication.php(282): CController->run('create')
#21 /var/www/html/yii/framework/web/CWebApplication.php(141): CWebApplication->runController('penjualan/creat...')
#22 /var/www/html/yii/framework/base/CApplication.php(184): CWebApplication->processRequest()
#23 /var/www/html/pertemuan5/index.php(13): CApplication->run()
#24 {main}
REQUEST_URI=/pertemuan5/index.php?r=penjualan/create&nota=2
---
2015/11/23 21:30:05 [error] [exception.CHttpException.403] exception 'CHttpException' with message 'You are not authorized to perform this action.' in /var/www/html/yii/framework/web/auth/CAccessControlFilter.php:182
Stack trace:
#0 /var/www/html/yii/framework/web/auth/CAccessControlFilter.php(145): CAccessControlFilter->accessDenied(Object(CWebUser), 'You are not aut...')
#1 /var/www/html/yii/framework/web/filters/CFilter.php(38): CAccessControlFilter->preFilter(Object(CFilterChain))
#2 /var/www/html/yii/framework/web/CController.php(1145): CFilter->filter(Object(CFilterChain))
#3 /var/www/html/yii/framework/web/filters/CInlineFilter.php(58): CController->filterAccessControl(Object(CFilterChain))
#4 /var/www/html/yii/framework/web/filters/CFilterChain.php(130): CInlineFilter->filter(Object(CFilterChain))
#5 /var/www/html/yii/framework/web/CController.php(291): CFilterChain->run()
#6 /var/www/html/yii/framework/web/CController.php(265): CController->runActionWithFilters(Object(CInlineAction), Array)
#7 /var/www/html/yii/framework/web/CWebApplication.php(282): CController->run('formLapPerNota')
#8 /var/www/html/yii/framework/web/CWebApplication.php(141): CWebApplication->runController('penjualan/formL...')
#9 /var/www/html/yii/framework/base/CApplication.php(184): CWebApplication->processRequest()
#10 /var/www/html/pertemuan5/index.php(13): CApplication->run()
#11 {main}
REQUEST_URI=/pertemuan5/index.php?r=penjualan/formLapPerNota
---
2015/11/23 21:31:44 [error] [exception.CHttpException.403] exception 'CHttpException' with message 'You are not authorized to perform this action.' in /var/www/html/yii/framework/web/auth/CAccessControlFilter.php:182
Stack trace:
#0 /var/www/html/yii/framework/web/auth/CAccessControlFilter.php(145): CAccessControlFilter->accessDenied(Object(CWebUser), 'You are not aut...')
#1 /var/www/html/yii/framework/web/filters/CFilter.php(38): CAccessControlFilter->preFilter(Object(CFilterChain))
#2 /var/www/html/yii/framework/web/CController.php(1145): CFilter->filter(Object(CFilterChain))
#3 /var/www/html/yii/framework/web/filters/CInlineFilter.php(58): CController->filterAccessControl(Object(CFilterChain))
#4 /var/www/html/yii/framework/web/filters/CFilterChain.php(130): CInlineFilter->filter(Object(CFilterChain))
#5 /var/www/html/yii/framework/web/CController.php(291): CFilterChain->run()
#6 /var/www/html/yii/framework/web/CController.php(265): CController->runActionWithFilters(Object(CInlineAction), Array)
#7 /var/www/html/yii/framework/web/CWebApplication.php(282): CController->run('formLapPerNota')
#8 /var/www/html/yii/framework/web/CWebApplication.php(141): CWebApplication->runController('penjualan/formL...')
#9 /var/www/html/yii/framework/base/CApplication.php(184): CWebApplication->processRequest()
#10 /var/www/html/pertemuan5/index.php(13): CApplication->run()
#11 {main}
REQUEST_URI=/pertemuan5/index.php?r=penjualan/formLapPerNota
---
2015/11/23 21:32:35 [error] [exception.CHttpException.404] exception 'CHttpException' with message 'The system is unable to find the requested action "nota".' in /var/www/html/yii/framework/web/CController.php:483
Stack trace:
#0 /var/www/html/yii/framework/web/CController.php(270): CController->missingAction('nota')
#1 /var/www/html/yii/framework/web/CWebApplication.php(282): CController->run('nota')
#2 /var/www/html/yii/framework/web/CWebApplication.php(141): CWebApplication->runController('penjualan/nota')
#3 /var/www/html/yii/framework/base/CApplication.php(184): CWebApplication->processRequest()
#4 /var/www/html/pertemuan5/index.php(13): CApplication->run()
#5 {main}
REQUEST_URI=/pertemuan5/index.php?r=penjualan/nota
---
2015/11/23 21:33:15 [error] [exception.CHttpException.403] exception 'CHttpException' with message 'You are not authorized to perform this action.' in /var/www/html/yii/framework/web/auth/CAccessControlFilter.php:182
Stack trace:
#0 /var/www/html/yii/framework/web/auth/CAccessControlFilter.php(145): CAccessControlFilter->accessDenied(Object(CWebUser), 'You are not aut...')
#1 /var/www/html/yii/framework/web/filters/CFilter.php(38): CAccessControlFilter->preFilter(Object(CFilterChain))
#2 /var/www/html/yii/framework/web/CController.php(1145): CFilter->filter(Object(CFilterChain))
#3 /var/www/html/yii/framework/web/filters/CInlineFilter.php(58): CController->filterAccessControl(Object(CFilterChain))
#4 /var/www/html/yii/framework/web/filters/CFilterChain.php(130): CInlineFilter->filter(Object(CFilterChain))
#5 /var/www/html/yii/framework/web/CController.php(291): CFilterChain->run()
#6 /var/www/html/yii/framework/web/CController.php(265): CController->runActionWithFilters(Object(CInlineAction), Array)
#7 /var/www/html/yii/framework/web/CWebApplication.php(282): CController->run('laporan1')
#8 /var/www/html/yii/framework/web/CWebApplication.php(141): CWebApplication->runController('penjualan/lapor...')
#9 /var/www/html/yii/framework/base/CApplication.php(184): CWebApplication->processRequest()
#10 /var/www/html/pertemuan5/index.php(13): CApplication->run()
#11 {main}
REQUEST_URI=/pertemuan5/index.php?r=penjualan/laporan1
---
2015/11/23 21:33:30 [error] [exception.CException] exception 'CException' with message 'Property "Barang.jenis_barang" is not defined.' in /var/www/html/yii/framework/base/CComponent.php:130
Stack trace:
#0 /var/www/html/yii/framework/db/ar/CActiveRecord.php(145): CComponent->__get('jenis_barang')
#1 /var/www/html/pertemuan5/protected/views/barang/_view.php(13): CActiveRecord->__get('jenis_barang')
#2 /var/www/html/yii/framework/web/CBaseController.php(130): require('/var/www/html/p...')
#3 /var/www/html/yii/framework/web/CBaseController.php(95): CBaseController->renderInternal('/var/www/html/p...', Array, false)
#4 /var/www/html/yii/framework/zii/widgets/CListView.php(291): CBaseController->renderFile('/var/www/html/p...', Array)
#5 /var/www/html/yii/framework/zii/widgets/CBaseListView.php(181): CListView->renderItems()
#6 [internal function]: CBaseListView->renderSection(Array)
#7 /var/www/html/yii/framework/zii/widgets/CBaseListView.php(164): preg_replace_callback('/{(\w+)}/', Array, '{summary}?{sort...')
#8 /var/www/html/yii/framework/zii/widgets/CBaseListView.php(149): CBaseListView->renderContent()
#9 /var/www/html/yii/framework/web/CBaseController.php(181): CBaseListView->run()
#10 /var/www/html/pertemuan5/protected/views/barang/index.php(20): CBaseController->widget('zii.widgets.CLi...', Array)
#11 /var/www/html/yii/framework/web/CBaseController.php(126): require('/var/www/html/p...')
#12 /var/www/html/yii/framework/web/CBaseController.php(95): CBaseController->renderInternal('/var/www/html/p...', Array, true)
#13 /var/www/html/yii/framework/web/CController.php(869): CBaseController->renderFile('/var/www/html/p...', Array, true)
#14 /var/www/html/yii/framework/web/CController.php(782): CController->renderPartial('index', Array, true)
#15 /var/www/html/pertemuan5/protected/controllers/BarangController.php(128): CController->render('index', Array)
#16 /var/www/html/yii/framework/web/actions/CInlineAction.php(49): BarangController->actionIndex()
#17 /var/www/html/yii/framework/web/CController.php(308): CInlineAction->runWithParams(Array)
#18 /var/www/html/yii/framework/web/filters/CFilterChain.php(133): CController->runAction(Object(CInlineAction))
#19 /var/www/html/yii/framework/web/filters/CFilter.php(40): CFilterChain->run()
#20 /var/www/html/yii/framework/web/CController.php(1145): CFilter->filter(Object(CFilterChain))
#21 /var/www/html/yii/framework/web/filters/CInlineFilter.php(58): CController->filterAccessControl(Object(CFilterChain))
#22 /var/www/html/yii/framework/web/filters/CFilterChain.php(130): CInlineFilter->filter(Object(CFilterChain))
#23 /var/www/html/yii/framework/web/CController.php(291): CFilterChain->run()
#24 /var/www/html/yii/framework/web/CController.php(265): CController->runActionWithFilters(Object(CInlineAction), Array)
#25 /var/www/html/yii/framework/web/CWebApplication.php(282): CController->run('')
#26 /var/www/html/yii/framework/web/CWebApplication.php(141): CWebApplication->runController('barang')
#27 /var/www/html/yii/framework/base/CApplication.php(184): CWebApplication->processRequest()
#28 /var/www/html/pertemuan5/index.php(13): CApplication->run()
#29 {main}
REQUEST_URI=/pertemuan5/index.php?r=barang
---
2015/11/23 21:34:50 [error] [exception.CException] exception 'CException' with message 'Property "Barang.jenis_barang" is not defined.' in /var/www/html/yii/framework/base/CComponent.php:130
Stack trace:
#0 /var/www/html/yii/framework/db/ar/CActiveRecord.php(145): CComponent->__get('jenis_barang')
#1 /var/www/html/pertemuan5/protected/views/barang/_view.php(13): CActiveRecord->__get('jenis_barang')
#2 /var/www/html/yii/framework/web/CBaseController.php(130): require('/var/www/html/p...')
#3 /var/www/html/yii/framework/web/CBaseController.php(95): CBaseController->renderInternal('/var/www/html/p...', Array, false)
#4 /var/www/html/yii/framework/zii/widgets/CListView.php(291): CBaseController->renderFile('/var/www/html/p...', Array)
#5 /var/www/html/yii/framework/zii/widgets/CBaseListView.php(181): CListView->renderItems()
#6 [internal function]: CBaseListView->renderSection(Array)
#7 /var/www/html/yii/framework/zii/widgets/CBaseListView.php(164): preg_replace_callback('/{(\w+)}/', Array, '{summary}?{sort...')
#8 /var/www/html/yii/framework/zii/widgets/CBaseListView.php(149): CBaseListView->renderContent()
#9 /var/www/html/yii/framework/web/CBaseController.php(181): CBaseListView->run()
#10 /var/www/html/pertemuan5/protected/views/barang/index.php(20): CBaseController->widget('zii.widgets.CLi...', Array)
#11 /var/www/html/yii/framework/web/CBaseController.php(126): require('/var/www/html/p...')
#12 /var/www/html/yii/framework/web/CBaseController.php(95): CBaseController->renderInternal('/var/www/html/p...', Array, true)
#13 /var/www/html/yii/framework/web/CController.php(869): CBaseController->renderFile('/var/www/html/p...', Array, true)
#14 /var/www/html/yii/framework/web/CController.php(782): CController->renderPartial('index', Array, true)
#15 /var/www/html/pertemuan5/protected/controllers/BarangController.php(128): CController->render('index', Array)
#16 /var/www/html/yii/framework/web/actions/CInlineAction.php(49): BarangController->actionIndex()
#17 /var/www/html/yii/framework/web/CController.php(308): CInlineAction->runWithParams(Array)
#18 /var/www/html/yii/framework/web/filters/CFilterChain.php(133): CController->runAction(Object(CInlineAction))
#19 /var/www/html/yii/framework/web/filters/CFilter.php(40): CFilterChain->run()
#20 /var/www/html/yii/framework/web/CController.php(1145): CFilter->filter(Object(CFilterChain))
#21 /var/www/html/yii/framework/web/filters/CInlineFilter.php(58): CController->filterAccessControl(Object(CFilterChain))
#22 /var/www/html/yii/framework/web/filters/CFilterChain.php(130): CInlineFilter->filter(Object(CFilterChain))
#23 /var/www/html/yii/framework/web/CController.php(291): CFilterChain->run()
#24 /var/www/html/yii/framework/web/CController.php(265): CController->runActionWithFilters(Object(CInlineAction), Array)
#25 /var/www/html/yii/framework/web/CWebApplication.php(282): CController->run('')
#26 /var/www/html/yii/framework/web/CWebApplication.php(141): CWebApplication->runController('barang')
#27 /var/www/html/yii/framework/base/CApplication.php(184): CWebApplication->processRequest()
#28 /var/www/html/pertemuan5/index.php(13): CApplication->run()
#29 {main}
REQUEST_URI=/pertemuan5/index.php?r=barang
HTTP_REFERER=http://localhost/pertemuan5/index.php?r=barang
---
2015/11/23 21:35:59 [error] [exception.CHttpException.404] exception 'CHttpException' with message 'Unable to resolve the request "jenisBrang".' in /var/www/html/yii/framework/web/CWebApplication.php:286
Stack trace:
#0 /var/www/html/yii/framework/web/CWebApplication.php(141): CWebApplication->runController('jenisBrang')
#1 /var/www/html/yii/framework/base/CApplication.php(184): CWebApplication->processRequest()
#2 /var/www/html/pertemuan5/index.php(13): CApplication->run()
#3 {main}
REQUEST_URI=/pertemuan5/index.php?r=jenisBrang
---
2015/11/23 21:36:23 [error] [exception.CException] exception 'CException' with message 'Property "Penjualan.nota" is not defined.' in /var/www/html/yii/framework/base/CComponent.php:130
Stack trace:
#0 /var/www/html/yii/framework/db/ar/CActiveRecord.php(145): CComponent->__get('nota')
#1 /var/www/html/pertemuan5/protected/views/penjualan/_formTransaksi.php(13): CActiveRecord->__get('nota')
#2 /var/www/html/yii/framework/web/CBaseController.php(126): require('/var/www/html/p...')
#3 /var/www/html/yii/framework/web/CBaseController.php(95): CBaseController->renderInternal('/var/www/html/p...', Array, true)
#4 /var/www/html/yii/framework/web/CController.php(869): CBaseController->renderFile('/var/www/html/p...', Array, true)
#5 /var/www/html/pertemuan5/protected/views/penjualan/create.php(18): CController->renderPartial('_formTransaksi', Array)
#6 /var/www/html/yii/framework/web/CBaseController.php(126): require('/var/www/html/p...')
#7 /var/www/html/yii/framework/web/CBaseController.php(95): CBaseController->renderInternal('/var/www/html/p...', Array, true)
#8 /var/www/html/yii/framework/web/CController.php(869): CBaseController->renderFile('/var/www/html/p...', Array, true)
#9 /var/www/html/yii/framework/web/CController.php(782): CController->renderPartial('create', Array, true)
#10 /var/www/html/pertemuan5/protected/controllers/PenjualanController.php(109): CController->render('create', Array)
#11 /var/www/html/yii/framework/web/actions/CInlineAction.php(49): PenjualanController->actionCreate()
#12 /var/www/html/yii/framework/web/CController.php(308): CInlineAction->runWithParams(Array)
#13 /var/www/html/yii/framework/web/filters/CFilterChain.php(133): CController->runAction(Object(CInlineAction))
#14 /var/www/html/yii/framework/web/filters/CFilter.php(40): CFilterChain->run()
#15 /var/www/html/yii/framework/web/CController.php(1145): CFilter->filter(Object(CFilterChain))
#16 /var/www/html/yii/framework/web/filters/CInlineFilter.php(58): CController->filterAccessControl(Object(CFilterChain))
#17 /var/www/html/yii/framework/web/filters/CFilterChain.php(130): CInlineFilter->filter(Object(CFilterChain))
#18 /var/www/html/yii/framework/web/CController.php(291): CFilterChain->run()
#19 /var/www/html/yii/framework/web/CController.php(265): CController->runActionWithFilters(Object(CInlineAction), Array)
#20 /var/www/html/yii/framework/web/CWebApplication.php(282): CController->run('create')
#21 /var/www/html/yii/framework/web/CWebApplication.php(141): CWebApplication->runController('penjualan/creat...')
#22 /var/www/html/yii/framework/base/CApplication.php(184): CWebApplication->processRequest()
#23 /var/www/html/pertemuan5/index.php(13): CApplication->run()
#24 {main}
REQUEST_URI=/pertemuan5/index.php?r=penjualan/create
HTTP_REFERER=http://localhost/pertemuan5/index.php?r=penjualan
---
2015/11/23 21:39:21 [error] [exception.CException] exception 'CException' with message 'Property "Penjualan.nota" is not defined.' in /var/www/html/yii/framework/base/CComponent.php:173
Stack trace:
#0 /var/www/html/yii/framework/db/ar/CActiveRecord.php(161): CComponent->__set('nota', '3')
#1 /var/www/html/pertemuan5/protected/views/penjualan/_formTransaksi.php(10): CActiveRecord->__set('nota', '3')
#2 /var/www/html/yii/framework/web/CBaseController.php(126): require('/var/www/html/p...')
#3 /var/www/html/yii/framework/web/CBaseController.php(95): CBaseController->renderInternal('/var/www/html/p...', Array, true)
#4 /var/www/html/yii/framework/web/CController.php(869): CBaseController->renderFile('/var/www/html/p...', Array, true)
#5 /var/www/html/pertemuan5/protected/views/penjualan/create.php(18): CController->renderPartial('_formTransaksi', Array)
#6 /var/www/html/yii/framework/web/CBaseController.php(126): require('/var/www/html/p...')
#7 /var/www/html/yii/framework/web/CBaseController.php(95): CBaseController->renderInternal('/var/www/html/p...', Array, true)
#8 /var/www/html/yii/framework/web/CController.php(869): CBaseController->renderFile('/var/www/html/p...', Array, true)
#9 /var/www/html/yii/framework/web/CController.php(782): CController->renderPartial('create', Array, true)
#10 /var/www/html/pertemuan5/protected/controllers/PenjualanController.php(109): CController->render('create', Array)
#11 /var/www/html/yii/framework/web/actions/CInlineAction.php(49): PenjualanController->actionCreate()
#12 /var/www/html/yii/framework/web/CController.php(308): CInlineAction->runWithParams(Array)
#13 /var/www/html/yii/framework/web/filters/CFilterChain.php(133): CController->runAction(Object(CInlineAction))
#14 /var/www/html/yii/framework/web/filters/CFilter.php(40): CFilterChain->run()
#15 /var/www/html/yii/framework/web/CController.php(1145): CFilter->filter(Object(CFilterChain))
#16 /var/www/html/yii/framework/web/filters/CInlineFilter.php(58): CController->filterAccessControl(Object(CFilterChain))
#17 /var/www/html/yii/framework/web/filters/CFilterChain.php(130): CInlineFilter->filter(Object(CFilterChain))
#18 /var/www/html/yii/framework/web/CController.php(291): CFilterChain->run()
#19 /var/www/html/yii/framework/web/CController.php(265): CController->runActionWithFilters(Object(CInlineAction), Array)
#20 /var/www/html/yii/framework/web/CWebApplication.php(282): CController->run('create')
#21 /var/www/html/yii/framework/web/CWebApplication.php(141): CWebApplication->runController('penjualan/creat...')
#22 /var/www/html/yii/framework/base/CApplication.php(184): CWebApplication->processRequest()
#23 /var/www/html/pertemuan5/index.php(13): CApplication->run()
#24 {main}
REQUEST_URI=/pertemuan5/index.php?r=penjualan/create&nota=3
HTTP_REFERER=http://localhost/pertemuan5/index.php?r=penjualan/formKasir
---
2015/11/23 21:39:49 [error] [exception.CException] exception 'CException' with message 'Property "Penjualan.nota" is not defined.' in /var/www/html/yii/framework/base/CComponent.php:173
Stack trace:
#0 /var/www/html/yii/framework/db/ar/CActiveRecord.php(161): CComponent->__set('nota', '3')
#1 /var/www/html/pertemuan5/protected/views/penjualan/_formTransaksi.php(10): CActiveRecord->__set('nota', '3')
#2 /var/www/html/yii/framework/web/CBaseController.php(126): require('/var/www/html/p...')
#3 /var/www/html/yii/framework/web/CBaseController.php(95): CBaseController->renderInternal('/var/www/html/p...', Array, true)
#4 /var/www/html/yii/framework/web/CController.php(869): CBaseController->renderFile('/var/www/html/p...', Array, true)
#5 /var/www/html/pertemuan5/protected/views/penjualan/create.php(18): CController->renderPartial('_formTransaksi', Array)
#6 /var/www/html/yii/framework/web/CBaseController.php(126): require('/var/www/html/p...')
#7 /var/www/html/yii/framework/web/CBaseController.php(95): CBaseController->renderInternal('/var/www/html/p...', Array, true)
#8 /var/www/html/yii/framework/web/CController.php(869): CBaseController->renderFile('/var/www/html/p...', Array, true)
#9 /var/www/html/yii/framework/web/CController.php(782): CController->renderPartial('create', Array, true)
#10 /var/www/html/pertemuan5/protected/controllers/PenjualanController.php(109): CController->render('create', Array)
#11 /var/www/html/yii/framework/web/actions/CInlineAction.php(49): PenjualanController->actionCreate()
#12 /var/www/html/yii/framework/web/CController.php(308): CInlineAction->runWithParams(Array)
#13 /var/www/html/yii/framework/web/filters/CFilterChain.php(133): CController->runAction(Object(CInlineAction))
#14 /var/www/html/yii/framework/web/filters/CFilter.php(40): CFilterChain->run()
#15 /var/www/html/yii/framework/web/CController.php(1145): CFilter->filter(Object(CFilterChain))
#16 /var/www/html/yii/framework/web/filters/CInlineFilter.php(58): CController->filterAccessControl(Object(CFilterChain))
#17 /var/www/html/yii/framework/web/filters/CFilterChain.php(130): CInlineFilter->filter(Object(CFilterChain))
#18 /var/www/html/yii/framework/web/CController.php(291): CFilterChain->run()
#19 /var/www/html/yii/framework/web/CController.php(265): CController->runActionWithFilters(Object(CInlineAction), Array)
#20 /var/www/html/yii/framework/web/CWebApplication.php(282): CController->run('create')
#21 /var/www/html/yii/framework/web/CWebApplication.php(141): CWebApplication->runController('penjualan/creat...')
#22 /var/www/html/yii/framework/base/CApplication.php(184): CWebApplication->processRequest()
#23 /var/www/html/pertemuan5/index.php(13): CApplication->run()
#24 {main}
REQUEST_URI=/pertemuan5/index.php?r=penjualan/create&nota=3
HTTP_REFERER=http://localhost/pertemuan5/index.php?r=penjualan/create&nota=3
---
2015/11/23 21:41:34 [error] [exception.CException] exception 'CException' with message 'Property "Penjualan.nota" is not defined.' in /var/www/html/yii/framework/base/CComponent.php:173
Stack trace:
#0 /var/www/html/yii/framework/db/ar/CActiveRecord.php(161): CComponent->__set('nota', '3')
#1 /var/www/html/pertemuan5/protected/views/penjualan/_formTransaksi.php(10): CActiveRecord->__set('nota', '3')
#2 /var/www/html/yii/framework/web/CBaseController.php(126): require('/var/www/html/p...')
#3 /var/www/html/yii/framework/web/CBaseController.php(95): CBaseController->renderInternal('/var/www/html/p...', Array, true)
#4 /var/www/html/yii/framework/web/CController.php(869): CBaseController->renderFile('/var/www/html/p...', Array, true)
#5 /var/www/html/pertemuan5/protected/views/penjualan/create.php(18): CController->renderPartial('_formTransaksi', Array)
#6 /var/www/html/yii/framework/web/CBaseController.php(126): require('/var/www/html/p...')
#7 /var/www/html/yii/framework/web/CBaseController.php(95): CBaseController->renderInternal('/var/www/html/p...', Array, true)
#8 /var/www/html/yii/framework/web/CController.php(869): CBaseController->renderFile('/var/www/html/p...', Array, true)
#9 /var/www/html/yii/framework/web/CController.php(782): CController->renderPartial('create', Array, true)
#10 /var/www/html/pertemuan5/protected/controllers/PenjualanController.php(109): CController->render('create', Array)
#11 /var/www/html/yii/framework/web/actions/CInlineAction.php(49): PenjualanController->actionCreate()
#12 /var/www/html/yii/framework/web/CController.php(308): CInlineAction->runWithParams(Array)
#13 /var/www/html/yii/framework/web/filters/CFilterChain.php(133): CController->runAction(Object(CInlineAction))
#14 /var/www/html/yii/framework/web/filters/CFilter.php(40): CFilterChain->run()
#15 /var/www/html/yii/framework/web/CController.php(1145): CFilter->filter(Object(CFilterChain))
#16 /var/www/html/yii/framework/web/filters/CInlineFilter.php(58): CController->filterAccessControl(Object(CFilterChain))
#17 /var/www/html/yii/framework/web/filters/CFilterChain.php(130): CInlineFilter->filter(Object(CFilterChain))
#18 /var/www/html/yii/framework/web/CController.php(291): CFilterChain->run()
#19 /var/www/html/yii/framework/web/CController.php(265): CController->runActionWithFilters(Object(CInlineAction), Array)
#20 /var/www/html/yii/framework/web/CWebApplication.php(282): CController->run('create')
#21 /var/www/html/yii/framework/web/CWebApplication.php(141): CWebApplication->runController('penjualan/creat...')
#22 /var/www/html/yii/framework/base/CApplication.php(184): CWebApplication->processRequest()
#23 /var/www/html/pertemuan5/index.php(13): CApplication->run()
#24 {main}
REQUEST_URI=/pertemuan5/index.php?r=penjualan/create&nota=3
HTTP_REFERER=http://localhost/pertemuan5/index.php?r=penjualan/create&nota=3
---
2015/11/23 21:45:01 [error] [exception.CException] exception 'CException' with message 'Property "Penjualan.nota" is not defined.' in /var/www/html/yii/framework/base/CComponent.php:173
Stack trace:
#0 /var/www/html/yii/framework/db/ar/CActiveRecord.php(161): CComponent->__set('nota', '5')
#1 /var/www/html/pertemuan5/protected/views/penjualan/_formTransaksi.php(10): CActiveRecord->__set('nota', '5')
#2 /var/www/html/yii/framework/web/CBaseController.php(126): require('/var/www/html/p...')
#3 /var/www/html/yii/framework/web/CBaseController.php(95): CBaseController->renderInternal('/var/www/html/p...', Array, true)
#4 /var/www/html/yii/framework/web/CController.php(869): CBaseController->renderFile('/var/www/html/p...', Array, true)
#5 /var/www/html/pertemuan5/protected/views/penjualan/create.php(18): CController->renderPartial('_formTransaksi', Array)
#6 /var/www/html/yii/framework/web/CBaseController.php(126): require('/var/www/html/p...')
#7 /var/www/html/yii/framework/web/CBaseController.php(95): CBaseController->renderInternal('/var/www/html/p...', Array, true)
#8 /var/www/html/yii/framework/web/CController.php(869): CBaseController->renderFile('/var/www/html/p...', Array, true)
#9 /var/www/html/yii/framework/web/CController.php(782): CController->renderPartial('create', Array, true)
#10 /var/www/html/pertemuan5/protected/controllers/PenjualanController.php(109): CController->render('create', Array)
#11 /var/www/html/yii/framework/web/actions/CInlineAction.php(49): PenjualanController->actionCreate()
#12 /var/www/html/yii/framework/web/CController.php(308): CInlineAction->runWithParams(Array)
#13 /var/www/html/yii/framework/web/filters/CFilterChain.php(133): CController->runAction(Object(CInlineAction))
#14 /var/www/html/yii/framework/web/filters/CFilter.php(40): CFilterChain->run()
#15 /var/www/html/yii/framework/web/CController.php(1145): CFilter->filter(Object(CFilterChain))
#16 /var/www/html/yii/framework/web/filters/CInlineFilter.php(58): CController->filterAccessControl(Object(CFilterChain))
#17 /var/www/html/yii/framework/web/filters/CFilterChain.php(130): CInlineFilter->filter(Object(CFilterChain))
#18 /var/www/html/yii/framework/web/CController.php(291): CFilterChain->run()
#19 /var/www/html/yii/framework/web/CController.php(265): CController->runActionWithFilters(Object(CInlineAction), Array)
#20 /var/www/html/yii/framework/web/CWebApplication.php(282): CController->run('create')
#21 /var/www/html/yii/framework/web/CWebApplication.php(141): CWebApplication->runController('penjualan/creat...')
#22 /var/www/html/yii/framework/base/CApplication.php(184): CWebApplication->processRequest()
#23 /var/www/html/pertemuan5/index.php(13): CApplication->run()
#24 {main}
REQUEST_URI=/pertemuan5/index.php?r=penjualan/create&nota=5
HTTP_REFERER=http://localhost/pertemuan5/index.php?r=penjualan/formKasir
---
2015/11/23 21:48:19 [error] [exception.CException] exception 'CException' with message 'Property "Penjualan.nota" is not defined.' in /var/www/html/yii/framework/base/CComponent.php:173
Stack trace:
#0 /var/www/html/yii/framework/db/ar/CActiveRecord.php(161): CComponent->__set('nota', '5')
#1 /var/www/html/pertemuan5/protected/views/penjualan/_formTransaksi.php(9): CActiveRecord->__set('nota', '5')
#2 /var/www/html/yii/framework/web/CBaseController.php(126): require('/var/www/html/p...')
#3 /var/www/html/yii/framework/web/CBaseController.php(95): CBaseController->renderInternal('/var/www/html/p...', Array, true)
#4 /var/www/html/yii/framework/web/CController.php(869): CBaseController->renderFile('/var/www/html/p...', Array, true)
#5 /var/www/html/pertemuan5/protected/views/penjualan/create.php(18): CController->renderPartial('_formTransaksi', Array)
#6 /var/www/html/yii/framework/web/CBaseController.php(126): require('/var/www/html/p...')
#7 /var/www/html/yii/framework/web/CBaseController.php(95): CBaseController->renderInternal('/var/www/html/p...', Array, true)
#8 /var/www/html/yii/framework/web/CController.php(869): CBaseController->renderFile('/var/www/html/p...', Array, true)
#9 /var/www/html/yii/framework/web/CController.php(782): CController->renderPartial('create', Array, true)
#10 /var/www/html/pertemuan5/protected/controllers/PenjualanController.php(109): CController->render('create', Array)
#11 /var/www/html/yii/framework/web/actions/CInlineAction.php(49): PenjualanController->actionCreate()
#12 /var/www/html/yii/framework/web/CController.php(308): CInlineAction->runWithParams(Array)
#13 /var/www/html/yii/framework/web/filters/CFilterChain.php(133): CController->runAction(Object(CInlineAction))
#14 /var/www/html/yii/framework/web/filters/CFilter.php(40): CFilterChain->run()
#15 /var/www/html/yii/framework/web/CController.php(1145): CFilter->filter(Object(CFilterChain))
#16 /var/www/html/yii/framework/web/filters/CInlineFilter.php(58): CController->filterAccessControl(Object(CFilterChain))
#17 /var/www/html/yii/framework/web/filters/CFilterChain.php(130): CInlineFilter->filter(Object(CFilterChain))
#18 /var/www/html/yii/framework/web/CController.php(291): CFilterChain->run()
#19 /var/www/html/yii/framework/web/CController.php(265): CController->runActionWithFilters(Object(CInlineAction), Array)
#20 /var/www/html/yii/framework/web/CWebApplication.php(282): CController->run('create')
#21 /var/www/html/yii/framework/web/CWebApplication.php(141): CWebApplication->runController('penjualan/creat...')
#22 /var/www/html/yii/framework/base/CApplication.php(184): CWebApplication->processRequest()
#23 /var/www/html/pertemuan5/index.php(13): CApplication->run()
#24 {main}
REQUEST_URI=/pertemuan5/index.php?r=penjualan/create&nota=5
HTTP_REFERER=http://localhost/pertemuan5/index.php?r=penjualan/create&nota=5
---
2015/11/23 21:50:04 [error] [exception.CException] exception 'CException' with message 'Property "Penjualan.nota" is not defined.' in /var/www/html/yii/framework/base/CComponent.php:173
Stack trace:
#0 /var/www/html/yii/framework/db/ar/CActiveRecord.php(161): CComponent->__set('nota', '5')
#1 /var/www/html/pertemuan5/protected/views/penjualan/_formTransaksi.php(10): CActiveRecord->__set('nota', '5')
#2 /var/www/html/yii/framework/web/CBaseController.php(126): require('/var/www/html/p...')
#3 /var/www/html/yii/framework/web/CBaseController.php(95): CBaseController->renderInternal('/var/www/html/p...', Array, true)
#4 /var/www/html/yii/framework/web/CController.php(869): CBaseController->renderFile('/var/www/html/p...', Array, true)
#5 /var/www/html/pertemuan5/protected/views/penjualan/create.php(18): CController->renderPartial('_formTransaksi', Array)
#6 /var/www/html/yii/framework/web/CBaseController.php(126): require('/var/www/html/p...')
#7 /var/www/html/yii/framework/web/CBaseController.php(95): CBaseController->renderInternal('/var/www/html/p...', Array, true)
#8 /var/www/html/yii/framework/web/CController.php(869): CBaseController->renderFile('/var/www/html/p...', Array, true)
#9 /var/www/html/yii/framework/web/CController.php(782): CController->renderPartial('create', Array, true)
#10 /var/www/html/pertemuan5/protected/controllers/PenjualanController.php(109): CController->render('create', Array)
#11 /var/www/html/yii/framework/web/actions/CInlineAction.php(49): PenjualanController->actionCreate()
#12 /var/www/html/yii/framework/web/CController.php(308): CInlineAction->runWithParams(Array)
#13 /var/www/html/yii/framework/web/filters/CFilterChain.php(133): CController->runAction(Object(CInlineAction))
#14 /var/www/html/yii/framework/web/filters/CFilter.php(40): CFilterChain->run()
#15 /var/www/html/yii/framework/web/CController.php(1145): CFilter->filter(Object(CFilterChain))
#16 /var/www/html/yii/framework/web/filters/CInlineFilter.php(58): CController->filterAccessControl(Object(CFilterChain))
#17 /var/www/html/yii/framework/web/filters/CFilterChain.php(130): CInlineFilter->filter(Object(CFilterChain))
#18 /var/www/html/yii/framework/web/CController.php(291): CFilterChain->run()
#19 /var/www/html/yii/framework/web/CController.php(265): CController->runActionWithFilters(Object(CInlineAction), Array)
#20 /var/www/html/yii/framework/web/CWebApplication.php(282): CController->run('create')
#21 /var/www/html/yii/framework/web/CWebApplication.php(141): CWebApplication->runController('penjualan/creat...')
#22 /var/www/html/yii/framework/base/CApplication.php(184): CWebApplication->processRequest()
#23 /var/www/html/pertemuan5/index.php(13): CApplication->run()
#24 {main}
REQUEST_URI=/pertemuan5/index.php?r=penjualan/create&nota=5
HTTP_REFERER=http://localhost/pertemuan5/index.php?r=penjualan/create&nota=5
---
2015/11/23 21:51:35 [error] [exception.CException] exception 'CException' with message 'Property "Penjualan.nota" is not defined.' in /var/www/html/yii/framework/base/CComponent.php:173
Stack trace:
#0 /var/www/html/yii/framework/db/ar/CActiveRecord.php(161): CComponent->__set('nota', '5')
#1 /var/www/html/pertemuan5/protected/views/penjualan/_formTransaksi.php(10): CActiveRecord->__set('nota', '5')
#2 /var/www/html/yii/framework/web/CBaseController.php(126): require('/var/www/html/p...')
#3 /var/www/html/yii/framework/web/CBaseController.php(95): CBaseController->renderInternal('/var/www/html/p...', Array, true)
#4 /var/www/html/yii/framework/web/CController.php(869): CBaseController->renderFile('/var/www/html/p...', Array, true)
#5 /var/www/html/pertemuan5/protected/views/penjualan/create.php(18): CController->renderPartial('_formTransaksi', Array)
#6 /var/www/html/yii/framework/web/CBaseController.php(126): require('/var/www/html/p...')
#7 /var/www/html/yii/framework/web/CBaseController.php(95): CBaseController->renderInternal('/var/www/html/p...', Array, true)
#8 /var/www/html/yii/framework/web/CController.php(869): CBaseController->renderFile('/var/www/html/p...', Array, true)
#9 /var/www/html/yii/framework/web/CController.php(782): CController->renderPartial('create', Array, true)
#10 /var/www/html/pertemuan5/protected/controllers/PenjualanController.php(85): CController->render('create', Array)
#11 /var/www/html/yii/framework/web/actions/CInlineAction.php(49): PenjualanController->actionCreate()
#12 /var/www/html/yii/framework/web/CController.php(308): CInlineAction->runWithParams(Array)
#13 /var/www/html/yii/framework/web/filters/CFilterChain.php(133): CController->runAction(Object(CInlineAction))
#14 /var/www/html/yii/framework/web/filters/CFilter.php(40): CFilterChain->run()
#15 /var/www/html/yii/framework/web/CController.php(1145): CFilter->filter(Object(CFilterChain))
#16 /var/www/html/yii/framework/web/filters/CInlineFilter.php(58): CController->filterAccessControl(Object(CFilterChain))
#17 /var/www/html/yii/framework/web/filters/CFilterChain.php(130): CInlineFilter->filter(Object(CFilterChain))
#18 /var/www/html/yii/framework/web/CController.php(291): CFilterChain->run()
#19 /var/www/html/yii/framework/web/CController.php(265): CController->runActionWithFilters(Object(CInlineAction), Array)
#20 /var/www/html/yii/framework/web/CWebApplication.php(282): CController->run('create')
#21 /var/www/html/yii/framework/web/CWebApplication.php(141): CWebApplication->runController('penjualan/creat...')
#22 /var/www/html/yii/framework/base/CApplication.php(184): CWebApplication->processRequest()
#23 /var/www/html/pertemuan5/index.php(13): CApplication->run()
#24 {main}
REQUEST_URI=/pertemuan5/index.php?r=penjualan/create&nota=5
HTTP_REFERER=http://localhost/pertemuan5/index.php?r=penjualan/create&nota=5
---
2015/11/23 21:51:45 [error] [exception.CException] exception 'CException' with message 'Property "Penjualan.nota" is not defined.' in /var/www/html/yii/framework/base/CComponent.php:173
Stack trace:
#0 /var/www/html/yii/framework/db/ar/CActiveRecord.php(161): CComponent->__set('nota', '5')
#1 /var/www/html/pertemuan5/protected/views/penjualan/_formTransaksi.php(10): CActiveRecord->__set('nota', '5')
#2 /var/www/html/yii/framework/web/CBaseController.php(126): require('/var/www/html/p...')
#3 /var/www/html/yii/framework/web/CBaseController.php(95): CBaseController->renderInternal('/var/www/html/p...', Array, true)
#4 /var/www/html/yii/framework/web/CController.php(869): CBaseController->renderFile('/var/www/html/p...', Array, true)
#5 /var/www/html/pertemuan5/protected/views/penjualan/create.php(18): CController->renderPartial('_formTransaksi', Array)
#6 /var/www/html/yii/framework/web/CBaseController.php(126): require('/var/www/html/p...')
#7 /var/www/html/yii/framework/web/CBaseController.php(95): CBaseController->renderInternal('/var/www/html/p...', Array, true)
#8 /var/www/html/yii/framework/web/CController.php(869): CBaseController->renderFile('/var/www/html/p...', Array, true)
#9 /var/www/html/yii/framework/web/CController.php(782): CController->renderPartial('create', Array, true)
#10 /var/www/html/pertemuan5/protected/controllers/PenjualanController.php(85): CController->render('create', Array)
#11 /var/www/html/yii/framework/web/actions/CInlineAction.php(49): PenjualanController->actionCreate()
#12 /var/www/html/yii/framework/web/CController.php(308): CInlineAction->runWithParams(Array)
#13 /var/www/html/yii/framework/web/filters/CFilterChain.php(133): CController->runAction(Object(CInlineAction))
#14 /var/www/html/yii/framework/web/filters/CFilter.php(40): CFilterChain->run()
#15 /var/www/html/yii/framework/web/CController.php(1145): CFilter->filter(Object(CFilterChain))
#16 /var/www/html/yii/framework/web/filters/CInlineFilter.php(58): CController->filterAccessControl(Object(CFilterChain))
#17 /var/www/html/yii/framework/web/filters/CFilterChain.php(130): CInlineFilter->filter(Object(CFilterChain))
#18 /var/www/html/yii/framework/web/CController.php(291): CFilterChain->run()
#19 /var/www/html/yii/framework/web/CController.php(265): CController->runActionWithFilters(Object(CInlineAction), Array)
#20 /var/www/html/yii/framework/web/CWebApplication.php(282): CController->run('create')
#21 /var/www/html/yii/framework/web/CWebApplication.php(141): CWebApplication->runController('penjualan/creat...')
#22 /var/www/html/yii/framework/base/CApplication.php(184): CWebApplication->processRequest()
#23 /var/www/html/pertemuan5/index.php(13): CApplication->run()
#24 {main}
REQUEST_URI=/pertemuan5/index.php?r=penjualan/create&nota=5
HTTP_REFERER=http://localhost/pertemuan5/index.php?r=penjualan/create&nota=5
---
2015/11/23 21:53:53 [error] [exception.CHttpException.404] exception 'CHttpException' with message 'Unable to resolve the request "formLapPerNota".' in /var/www/html/yii/framework/web/CWebApplication.php:286
Stack trace:
#0 /var/www/html/yii/framework/web/CWebApplication.php(141): CWebApplication->runController('formLapPerNota')
#1 /var/www/html/yii/framework/base/CApplication.php(184): CWebApplication->processRequest()
#2 /var/www/html/pertemuan5/index.php(13): CApplication->run()
#3 {main}
REQUEST_URI=/pertemuan5/index.php?r=formLapPerNota
---
2015/11/23 21:54:52 [error] [exception.CHttpException.404] exception 'CHttpException' with message 'Unable to resolve the request "formLapPerNota".' in /var/www/html/yii/framework/web/CWebApplication.php:286
Stack trace:
#0 /var/www/html/yii/framework/web/CWebApplication.php(141): CWebApplication->runController('formLapPerNota')
#1 /var/www/html/yii/framework/base/CApplication.php(184): CWebApplication->processRequest()
#2 /var/www/html/pertemuan5/index.php(13): CApplication->run()
#3 {main}
REQUEST_URI=/pertemuan5/index.php?r=formLapPerNota
HTTP_REFERER=http://localhost/pertemuan5/index.php?r=formLapPerNota
---
2015/11/23 22:04:29 [error] [exception.CException] exception 'CException' with message 'Property "Penjualan.tanggal_lahir" is not defined.' in /var/www/html/yii/framework/base/CComponent.php:130
Stack trace:
#0 /var/www/html/yii/framework/db/ar/CActiveRecord.php(145): CComponent->__get('tanggal_lahir')
#1 /var/www/html/pertemuan5/protected/views/penjualan/formLapPerNota.php(27): CActiveRecord->__get('tanggal_lahir')
#2 /var/www/html/yii/framework/web/CBaseController.php(126): require('/var/www/html/p...')
#3 /var/www/html/yii/framework/web/CBaseController.php(95): CBaseController->renderInternal('/var/www/html/p...', Array, true)
#4 /var/www/html/yii/framework/web/CController.php(869): CBaseController->renderFile('/var/www/html/p...', Array, true)
#5 /var/www/html/yii/framework/web/CController.php(782): CController->renderPartial('formLapPerNota', Array, true)
#6 /var/www/html/pertemuan5/protected/controllers/PenjualanController.php(63): CController->render('formLapPerNota', Array)
#7 /var/www/html/yii/framework/web/actions/CInlineAction.php(49): PenjualanController->actionFormLapPerNota()
#8 /var/www/html/yii/framework/web/CController.php(308): CInlineAction->runWithParams(Array)
#9 /var/www/html/yii/framework/web/filters/CFilterChain.php(133): CController->runAction(Object(CInlineAction))
#10 /var/www/html/yii/framework/web/filters/CFilter.php(40): CFilterChain->run()
#11 /var/www/html/yii/framework/web/CController.php(1145): CFilter->filter(Object(CFilterChain))
#12 /var/www/html/yii/framework/web/filters/CInlineFilter.php(58): CController->filterAccessControl(Object(CFilterChain))
#13 /var/www/html/yii/framework/web/filters/CFilterChain.php(130): CInlineFilter->filter(Object(CFilterChain))
#14 /var/www/html/yii/framework/web/CController.php(291): CFilterChain->run()
#15 /var/www/html/yii/framework/web/CController.php(265): CController->runActionWithFilters(Object(CInlineAction), Array)
#16 /var/www/html/yii/framework/web/CWebApplication.php(282): CController->run('formLapPerNota')
#17 /var/www/html/yii/framework/web/CWebApplication.php(141): CWebApplication->runController('penjualan/formL...')
#18 /var/www/html/yii/framework/base/CApplication.php(184): CWebApplication->processRequest()
#19 /var/www/html/pertemuan5/index.php(13): CApplication->run()
#20 {main}
REQUEST_URI=/pertemuan5/index.php?r=penjualan/formLapPerNota
HTTP_REFERER=http://localhost/pertemuan5/index.php?r=penjualan/formLapPerNota
---
2015/11/23 22:10:10 [error] [exception.CException] exception 'CException' with message 'CActiveForm and its behaviors do not have a method or closure named "datepickerRow".' in /var/www/html/yii/framework/base/CComponent.php:266
Stack trace:
#0 /var/www/html/pertemuan5/protected/views/penjualan/formLapPerNota.php(30): CComponent->__call('datepickerRow', Array)
#1 /var/www/html/pertemuan5/protected/views/penjualan/formLapPerNota.php(30): CActiveForm->datepickerRow(Object(Penjualan), 'fecha', Array)
#2 /var/www/html/yii/framework/web/CBaseController.php(126): require('/var/www/html/p...')
#3 /var/www/html/yii/framework/web/CBaseController.php(95): CBaseController->renderInternal('/var/www/html/p...', Array, true)
#4 /var/www/html/yii/framework/web/CController.php(869): CBaseController->renderFile('/var/www/html/p...', Array, true)
#5 /var/www/html/yii/framework/web/CController.php(782): CController->renderPartial('formLapPerNota', Array, true)
#6 /var/www/html/pertemuan5/protected/controllers/PenjualanController.php(63): CController->render('formLapPerNota', Array)
#7 /var/www/html/yii/framework/web/actions/CInlineAction.php(49): PenjualanController->actionFormLapPerNota()
#8 /var/www/html/yii/framework/web/CController.php(308): CInlineAction->runWithParams(Array)
#9 /var/www/html/yii/framework/web/filters/CFilterChain.php(133): CController->runAction(Object(CInlineAction))
#10 /var/www/html/yii/framework/web/filters/CFilter.php(40): CFilterChain->run()
#11 /var/www/html/yii/framework/web/CController.php(1145): CFilter->filter(Object(CFilterChain))
#12 /var/www/html/yii/framework/web/filters/CInlineFilter.php(58): CController->filterAccessControl(Object(CFilterChain))
#13 /var/www/html/yii/framework/web/filters/CFilterChain.php(130): CInlineFilter->filter(Object(CFilterChain))
#14 /var/www/html/yii/framework/web/CController.php(291): CFilterChain->run()
#15 /var/www/html/yii/framework/web/CController.php(265): CController->runActionWithFilters(Object(CInlineAction), Array)
#16 /var/www/html/yii/framework/web/CWebApplication.php(282): CController->run('formLapPerNota')
#17 /var/www/html/yii/framework/web/CWebApplication.php(141): CWebApplication->runController('penjualan/formL...')
#18 /var/www/html/yii/framework/base/CApplication.php(184): CWebApplication->processRequest()
#19 /var/www/html/pertemuan5/index.php(13): CApplication->run()
#20 {main}
REQUEST_URI=/pertemuan5/index.php?r=penjualan/formLapPerNota
HTTP_REFERER=http://localhost/pertemuan5/index.php?r=penjualan/formLapPerNota
---
2015/11/23 22:14:37 [error] [exception.CException] exception 'CException' with message 'Alias "bootstrap.widgets.TbActiveForm" is invalid. Make sure it points to an existing directory or file.' in /var/www/html/yii/framework/YiiBase.php:348
Stack trace:
#0 /var/www/html/yii/framework/web/CWidgetFactory.php(146): YiiBase::import('bootstrap.widge...', true)
#1 /var/www/html/yii/framework/web/CBaseController.php(146): CWidgetFactory->createWidget(Object(PenjualanController), 'bootstrap.widge...', Array)
#2 /var/www/html/yii/framework/web/CBaseController.php(197): CBaseController->createWidget('bootstrap.widge...', Array)
#3 /var/www/html/pertemuan5/protected/views/penjualan/formLapPerNota.php(25): CBaseController->beginWidget('bootstrap.widge...', Array)
#4 /var/www/html/yii/framework/web/CBaseController.php(126): require('/var/www/html/p...')
#5 /var/www/html/yii/framework/web/CBaseController.php(95): CBaseController->renderInternal('/var/www/html/p...', Array, true)
#6 /var/www/html/yii/framework/web/CController.php(869): CBaseController->renderFile('/var/www/html/p...', Array, true)
#7 /var/www/html/yii/framework/web/CController.php(782): CController->renderPartial('formLapPerNota', Array, true)
#8 /var/www/html/pertemuan5/protected/controllers/PenjualanController.php(63): CController->render('formLapPerNota', Array)
#9 /var/www/html/yii/framework/web/actions/CInlineAction.php(49): PenjualanController->actionFormLapPerNota()
#10 /var/www/html/yii/framework/web/CController.php(308): CInlineAction->runWithParams(Array)
#11 /var/www/html/yii/framework/web/filters/CFilterChain.php(133): CController->runAction(Object(CInlineAction))
#12 /var/www/html/yii/framework/web/filters/CFilter.php(40): CFilterChain->run()
#13 /var/www/html/yii/framework/web/CController.php(1145): CFilter->filter(Object(CFilterChain))
#14 /var/www/html/yii/framework/web/filters/CInlineFilter.php(58): CController->filterAccessControl(Object(CFilterChain))
#15 /var/www/html/yii/framework/web/filters/CFilterChain.php(130): CInlineFilter->filter(Object(CFilterChain))
#16 /var/www/html/yii/framework/web/CController.php(291): CFilterChain->run()
#17 /var/www/html/yii/framework/web/CController.php(265): CController->runActionWithFilters(Object(CInlineAction), Array)
#18 /var/www/html/yii/framework/web/CWebApplication.php(282): CController->run('formLapPerNota')
#19 /var/www/html/yii/framework/web/CWebApplication.php(141): CWebApplication->runController('penjualan/formL...')
#20 /var/www/html/yii/framework/base/CApplication.php(184): CWebApplication->processRequest()
#21 /var/www/html/pertemuan5/index.php(13): CApplication->run()
#22 {main}
REQUEST_URI=/pertemuan5/index.php?r=penjualan/formLapPerNota
HTTP_REFERER=http://localhost/pertemuan5/index.php?r=penjualan/formLapPerNota
---
